<?xml version="1.0" encoding="UTF-8"?>
<testsuite name="hello.core.XmlAppContext" tests="1" skipped="0" failures="0" errors="0" timestamp="2023-07-19T04:08:26" hostname="ijunhoui-MacBookAir.local" time="0.367">
  <properties/>
  <testcase name="xmlAppContext()" classname="hello.core.XmlAppContext" time="0.367"/>
  <system-out><![CDATA[]]></system-out>
  <system-err><![CDATA[]]></system-err>
</testsuite>
