<?xml version="1.0" encoding="UTF-8"?>
<testsuite name="hello.core.singleton.StatefulServiceTest" tests="1" skipped="0" failures="0" errors="0" timestamp="2023-07-19T04:08:26" hostname="ijunhoui-MacBookAir.local" time="0.036">
  <properties/>
  <testcase name="statefulServiceSingleton()" classname="hello.core.singleton.StatefulServiceTest" time="0.036"/>
  <system-out><![CDATA[name = userA price = 10000
name = userB price = 20000
10000
20000
price = 0
]]></system-out>
  <system-err><![CDATA[]]></system-err>
</testsuite>
