<?xml version="1.0" encoding="UTF-8"?>
<testsuite name="hello.core.AutoAppConfigTest" tests="1" skipped="0" failures="0" errors="0" timestamp="2023-07-19T04:08:20" hostname="ijunhoui-MacBookAir.local" time="0.145">
  <properties/>
  <testcase name="basicScan()" classname="hello.core.AutoAppConfigTest" time="0.145"/>
  <system-out><![CDATA[13:08:20.911 [Test worker] DEBUG org.springframework.context.annotation.AnnotationConfigApplicationContext - Refreshing org.springframework.context.annotation.AnnotationConfigApplicationContext@58c540cf
13:08:20.915 [Test worker] DEBUG org.springframework.beans.factory.support.DefaultListableBeanFactory - Creating shared instance of singleton bean 'org.springframework.context.annotation.internalConfigurationAnnotationProcessor'
13:08:20.961 [Test worker] DEBUG org.springframework.beans.factory.support.DefaultListableBeanFactory - Creating shared instance of singleton bean 'org.springframework.context.event.internalEventListenerProcessor'
13:08:20.964 [Test worker] DEBUG org.springframework.beans.factory.support.DefaultListableBeanFactory - Creating shared instance of singleton bean 'org.springframework.context.event.internalEventListenerFactory'
13:08:20.965 [Test worker] DEBUG org.springframework.beans.factory.support.DefaultListableBeanFactory - Creating shared instance of singleton bean 'org.springframework.context.annotation.internalAutowiredAnnotationProcessor'
13:08:20.966 [Test worker] DEBUG org.springframework.beans.factory.support.DefaultListableBeanFactory - Creating shared instance of singleton bean 'org.springframework.context.annotation.internalCommonAnnotationProcessor'
13:08:20.971 [Test worker] DEBUG org.springframework.beans.factory.support.DefaultListableBeanFactory - Creating shared instance of singleton bean 'appConfig'
13:08:20.976 [Test worker] DEBUG org.springframework.beans.factory.support.DefaultListableBeanFactory - Creating shared instance of singleton bean 'memberService'
13:08:21.019 [Test worker] DEBUG org.springframework.beans.factory.support.DefaultListableBeanFactory - Creating shared instance of singleton bean 'memberRepository'
13:08:21.023 [Test worker] DEBUG org.springframework.beans.factory.support.DefaultListableBeanFactory - Creating shared instance of singleton bean 'discountPolicy'
13:08:21.027 [Test worker] DEBUG org.springframework.beans.factory.support.DefaultListableBeanFactory - Creating shared instance of singleton bean 'orderService'
memberRepository = hello.core.member.MemoryMemberRepository@226f885f
]]></system-out>
  <system-err><![CDATA[]]></system-err>
</testsuite>
