<?xml version="1.0" encoding="UTF-8"?>
<testsuite name="hello.core.discount.RateDiscountPolicyTest" tests="2" skipped="0" failures="0" errors="0" timestamp="2023-07-19T04:08:26" hostname="ijunhoui-MacBookAir.local" time="0.01">
  <properties/>
  <testcase name="VIP는 10% 할인이 되어야 한다" classname="hello.core.discount.RateDiscountPolicyTest" time="0.003"/>
  <testcase name="VIP가 아니면 할인이 적용되면 안된다" classname="hello.core.discount.RateDiscountPolicyTest" time="0.002"/>
  <system-out><![CDATA[]]></system-out>
  <system-err><![CDATA[]]></system-err>
</testsuite>
